<?xml version="1.0" encoding="UTF-8"?>
<coverage generated="1773893547140" clover="3.2.0">
  <project timestamp="1773893547140" name="All files">
    <metrics statements="14" coveredstatements="14" conditionals="12" coveredconditionals="12" methods="2" coveredmethods="2" elements="28" coveredelements="28" complexity="0" loc="14" ncloc="14" packages="1" files="2" classes="2"/>
    <file name="merge-json.ts" path="/Users/hanlam/Repo/landing-page-boilerplate/packages/cli/src/utils/merge-json.ts">
      <metrics statements="10" coveredstatements="10" conditionals="12" coveredconditionals="12" methods="1" coveredmethods="1"/>
      <line num="3" count="28" type="stmt"/>
      <line num="4" count="28" type="stmt"/>
      <line num="5" count="29" type="stmt"/>
      <line num="6" count="29" type="stmt"/>
      <line num="7" count="29" type="cond" truecount="4" falsecount="0"/>
      <line num="8" count="8" type="stmt"/>
      <line num="9" count="21" type="cond" truecount="2" falsecount="0"/>
      <line num="13" count="7" type="stmt"/>
      <line num="15" count="14" type="stmt"/>
      <line num="18" count="28" type="stmt"/>
    </file>
    <file name="replace-tokens.ts" path="/Users/hanlam/Repo/landing-page-boilerplate/packages/cli/src/utils/replace-tokens.ts">
      <metrics statements="4" coveredstatements="4" conditionals="0" coveredconditionals="0" methods="1" coveredmethods="1"/>
      <line num="3" count="26" type="stmt"/>
      <line num="4" count="26" type="stmt"/>
      <line num="5" count="38" type="stmt"/>
      <line num="7" count="26" type="stmt"/>
    </file>
  </project>
</coverage>
