{"/Users/hanlam/Repo/landing-page-boilerplate/packages/cli/src/utils/merge-json.ts": {"path":"/Users/hanlam/Repo/landing-page-boilerplate/packages/cli/src/utils/merge-json.ts","statementMap":{"0":{"start":{"line":3,"column":42},"end":{"line":3,"column":50}},"1":{"start":{"line":4,"column":2},"end":{"line":17,"column":3}},"2":{"start":{"line":5,"column":17},"end":{"line":5,"column":23}},"3":{"start":{"line":6,"column":17},"end":{"line":6,"column":23}},"4":{"start":{"line":7,"column":4},"end":{"line":16,"column":5}},"5":{"start":{"line":8,"column":6},"end":{"line":8,"column":53}},"6":{"start":{"line":9,"column":11},"end":{"line":16,"column":5}},"7":{"start":{"line":13,"column":6},"end":{"line":13,"column":96}},"8":{"start":{"line":15,"column":6},"end":{"line":15,"column":25}},"9":{"start":{"line":18,"column":2},"end":{"line":18,"column":16}}},"fnMap":{"0":{"name":"mergeJson","decl":{"start":{"line":2,"column":16},"end":{"line":2,"column":25}},"loc":{"start":{"line":2,"column":80},"end":{"line":19,"column":1}}}},"branchMap":{"0":{"loc":{"start":{"line":7,"column":4},"end":{"line":16,"column":5}},"type":"if","locations":[{"start":{"line":7,"column":4},"end":{"line":16,"column":5}},{"start":{"line":9,"column":11},"end":{"line":16,"column":5}}]},"1":{"loc":{"start":{"line":7,"column":8},"end":{"line":7,"column":50}},"type":"binary-expr","locations":[{"start":{"line":7,"column":8},"end":{"line":7,"column":27}},{"start":{"line":7,"column":31},"end":{"line":7,"column":50}}]},"2":{"loc":{"start":{"line":9,"column":11},"end":{"line":16,"column":5}},"type":"if","locations":[{"start":{"line":9,"column":11},"end":{"line":16,"column":5}},{"start":{"line":14,"column":11},"end":{"line":16,"column":5}}]},"3":{"loc":{"start":{"line":10,"column":6},"end":{"line":11,"column":71}},"type":"binary-expr","locations":[{"start":{"line":10,"column":6},"end":{"line":10,"column":30}},{"start":{"line":10,"column":34},"end":{"line":10,"column":47}},{"start":{"line":10,"column":51},"end":{"line":10,"column":71}},{"start":{"line":11,"column":6},"end":{"line":11,"column":30}},{"start":{"line":11,"column":34},"end":{"line":11,"column":47}},{"start":{"line":11,"column":51},"end":{"line":11,"column":71}}]}},"s":{"0":28,"1":28,"2":29,"3":29,"4":29,"5":8,"6":21,"7":7,"8":14,"9":28},"f":{"0":28},"b":{"0":[8,21],"1":[29,9],"2":[7,14],"3":[21,10,9,8,7,7]}}
,"/Users/hanlam/Repo/landing-page-boilerplate/packages/cli/src/utils/replace-tokens.ts": {"path":"/Users/hanlam/Repo/landing-page-boilerplate/packages/cli/src/utils/replace-tokens.ts","statementMap":{"0":{"start":{"line":3,"column":15},"end":{"line":3,"column":22}},"1":{"start":{"line":4,"column":2},"end":{"line":6,"column":3}},"2":{"start":{"line":5,"column":4},"end":{"line":5,"column":45}},"3":{"start":{"line":7,"column":2},"end":{"line":7,"column":16}}},"fnMap":{"0":{"name":"replaceTokens","decl":{"start":{"line":2,"column":16},"end":{"line":2,"column":29}},"loc":{"start":{"line":2,"column":77},"end":{"line":8,"column":1}}}},"branchMap":{},"s":{"0":26,"1":26,"2":38,"3":26},"f":{"0":26},"b":{}}
}
