TN:
SF:src/utils/merge-json.ts
FN:2,mergeJson
FNF:1
FNH:1
FNDA:28,mergeJson
DA:3,28
DA:4,28
DA:5,29
DA:6,29
DA:7,29
DA:8,8
DA:9,21
DA:13,7
DA:15,14
DA:18,28
LF:10
LH:10
BRDA:7,0,0,8
BRDA:7,0,1,21
BRDA:7,1,0,29
BRDA:7,1,1,9
BRDA:9,2,0,7
BRDA:9,2,1,14
BRDA:10,3,0,21
BRDA:10,3,1,10
BRDA:10,3,2,9
BRDA:10,3,3,8
BRDA:10,3,4,7
BRDA:10,3,5,7
BRF:12
BRH:12
end_of_record
TN:
SF:src/utils/replace-tokens.ts
FN:2,replaceTokens
FNF:1
FNH:1
FNDA:26,replaceTokens
DA:3,26
DA:4,26
DA:5,38
DA:7,26
LF:4
LH:4
BRF:0
BRH:0
end_of_record
